<?xml version="1.0" encoding="utf-8"?><testsuites name="pytest tests"><testsuite name="pytest" errors="0" failures="0" skipped="0" tests="17" time="1.469" timestamp="2026-05-29T10:37:56.666764+00:00" hostname="agent-env-0411daeb-f629-42ab-8b1e-8c7efa4312e1"><testcase classname="backend.tests.test_geekverse_api" name="test_categories_list" time="0.257" /><testcase classname="backend.tests.test_geekverse_api" name="test_tools_seed_count" time="0.057" /><testcase classname="backend.tests.test_geekverse_api" name="test_tools_search_git" time="0.046" /><testcase classname="backend.tests.test_geekverse_api" name="test_tools_filter_category_dev" time="0.048" /><testcase classname="backend.tests.test_geekverse_api" name="test_tools_sort_name" time="0.054" /><testcase classname="backend.tests.test_geekverse_api" name="test_tools_sort_popularity" time="0.053" /><testcase classname="backend.tests.test_geekverse_api" name="test_tools_invalid_sort_rejected" time="0.048" /><testcase classname="backend.tests.test_geekverse_api" name="test_get_tool_by_id_and_404" time="0.176" /><testcase classname="backend.tests.test_geekverse_api" name="test_stats" time="0.049" /><testcase classname="backend.tests.test_geekverse_api" name="test_github_repos" time="0.046" /><testcase classname="backend.tests.test_geekverse_api.TestToolCRUD" name="test_create_invalid_category" time="0.044" /><testcase classname="backend.tests.test_geekverse_api.TestToolCRUD" name="test_create_tool" time="0.095" /><testcase classname="backend.tests.test_geekverse_api.TestToolCRUD" name="test_click_increments" time="0.096" /><testcase classname="backend.tests.test_geekverse_api.TestToolCRUD" name="test_update_tool" time="0.093" /><testcase classname="backend.tests.test_geekverse_api.TestToolCRUD" name="test_update_empty_body_400" time="0.046" /><testcase classname="backend.tests.test_geekverse_api.TestToolCRUD" name="test_delete_tool" time="0.093" /><testcase classname="backend.tests.test_geekverse_api.TestToolCRUD" name="test_click_nonexistent" time="0.045" /></testsuite></testsuites>